<?xml version="1.0" encoding="UTF-8"?>
<testng-results skipped="0" failed="0" total="1" passed="1">
  <reporter-output>
    <line>
      <![CDATA[4  14 4   14]]>
    </line>
    <line>
      <![CDATA[Login success  adminflow   http://primusbank.qedgetech.com/adminflow.aspx]]>
    </line>
    <line>
      <![CDATA[Logout sucess]]>
    </line>
    <line>
      <![CDATA[Login success  adminflow   http://primusbank.qedgetech.com/adminflow.aspx]]>
    </line>
    <line>
      <![CDATA[New Role with id 19 Created Sucessfully]]>
    </line>
  </reporter-output>
  <suite name="Default suite" duration-ms="19614" started-at="2022-08-12T07:21:28Z" finished-at="2022-08-12T07:21:48Z">
    <groups>
    </groups>
    <test name="Default test" duration-ms="19614" started-at="2022-08-12T07:21:28Z" finished-at="2022-08-12T07:21:48Z">
      <class name="driverFactory.DriverScript">
        <test-method status="PASS" signature="setUp()[pri:0, instance:driverFactory.DriverScript@29774679]" name="setUp" is-config="true" duration-ms="6191" started-at="2022-08-12T12:51:22Z" finished-at="2022-08-12T12:51:28Z">
          <reporter-output>
          </reporter-output>
        </test-method> <!-- setUp -->
        <test-method status="PASS" signature="startTest()[pri:0, instance:driverFactory.DriverScript@29774679]" name="startTest" duration-ms="19607" started-at="2022-08-12T12:51:28Z" finished-at="2022-08-12T12:51:48Z">
          <reporter-output>
            <line>
              <![CDATA[4  14 4   14]]>
            </line>
            <line>
              <![CDATA[Login success  adminflow   http://primusbank.qedgetech.com/adminflow.aspx]]>
            </line>
            <line>
              <![CDATA[Logout sucess]]>
            </line>
            <line>
              <![CDATA[Login success  adminflow   http://primusbank.qedgetech.com/adminflow.aspx]]>
            </line>
            <line>
              <![CDATA[New Role with id 19 Created Sucessfully]]>
            </line>
          </reporter-output>
        </test-method> <!-- startTest -->
        <test-method status="PASS" signature="tearDown()[pri:0, instance:driverFactory.DriverScript@29774679]" name="tearDown" is-config="true" duration-ms="101" started-at="2022-08-12T12:51:48Z" finished-at="2022-08-12T12:51:48Z">
          <reporter-output>
          </reporter-output>
        </test-method> <!-- tearDown -->
      </class> <!-- driverFactory.DriverScript -->
    </test> <!-- Default test -->
  </suite> <!-- Default suite -->
</testng-results>
